<?xml version="1.0" encoding="UTF-8"?>
<testng-results skipped="0" failed="0" total="1" passed="1">
  <reporter-output>
  </reporter-output>
  <suite name="Suite" duration-ms="65" started-at="2023-01-15T11:31:09Z" finished-at="2023-01-15T11:31:10Z">
    <groups>
    </groups>
    <test name="Smoke" duration-ms="65" started-at="2023-01-15T11:31:09Z" finished-at="2023-01-15T11:31:10Z">
      <class name="pkg1.CalculateSum">
        <test-method status="PASS" signature="M1(java.lang.String)[pri:0, instance:pkg1.CalculateSum@7921b0a2]" name="M1" duration-ms="51" started-at="2023-01-15T17:01:09Z" finished-at="2023-01-15T17:01:10Z">
          <params>
            <param index="0">
              <value>
                <![CDATA[url1NEEL]]>
              </value>
            </param>
          </params>
          <reporter-output>
          </reporter-output>
        </test-method> <!-- M1 -->
      </class> <!-- pkg1.CalculateSum -->
    </test> <!-- Smoke -->
  </suite> <!-- Suite -->
</testng-results>
